<?xml version="1.0" encoding="UTF-8"?>
<coverage generated="1642078232870" clover="3.2.0">
  <project timestamp="1642078232870" name="All files">
    <metrics statements="34" coveredstatements="34" conditionals="14" coveredconditionals="14" methods="5" coveredmethods="5" elements="53" coveredelements="53" complexity="0" loc="34" ncloc="34" packages="1" files="1" classes="1"/>
    <file name="script.js" path="C:\Users\Jimmy\Desktop\projekttest\script.js">
      <metrics statements="34" coveredstatements="34" conditionals="14" coveredconditionals="14" methods="5" coveredmethods="5"/>
      <line num="8" count="1" type="stmt"/>
      <line num="10" count="4" type="stmt"/>
      <line num="12" count="4" type="cond" truecount="2" falsecount="0"/>
      <line num="13" count="1" type="stmt"/>
      <line num="14" count="1" type="stmt"/>
      <line num="17" count="3" type="cond" truecount="2" falsecount="0"/>
      <line num="18" count="1" type="stmt"/>
      <line num="19" count="1" type="stmt"/>
      <line num="22" count="2" type="stmt"/>
      <line num="23" count="2" type="stmt"/>
      <line num="32" count="1" type="stmt"/>
      <line num="33" count="4" type="stmt"/>
      <line num="34" count="28" type="cond" truecount="2" falsecount="0"/>
      <line num="35" count="1" type="stmt"/>
      <line num="36" count="1" type="stmt"/>
      <line num="39" count="3" type="stmt"/>
      <line num="40" count="3" type="stmt"/>
      <line num="50" count="1" type="stmt"/>
      <line num="51" count="5" type="stmt"/>
      <line num="52" count="5" type="cond" truecount="2" falsecount="0"/>
      <line num="53" count="1" type="stmt"/>
      <line num="54" count="1" type="stmt"/>
      <line num="56" count="4" type="cond" truecount="2" falsecount="0"/>
      <line num="57" count="1" type="stmt"/>
      <line num="58" count="1" type="stmt"/>
      <line num="61" count="3" type="stmt"/>
      <line num="62" count="3" type="stmt"/>
      <line num="70" count="1" type="stmt"/>
      <line num="71" count="3" type="cond" truecount="4" falsecount="0"/>
      <line num="72" count="1" type="stmt"/>
      <line num="73" count="1" type="stmt"/>
      <line num="75" count="2" type="stmt"/>
      <line num="76" count="2" type="stmt"/>
      <line num="79" count="1" type="stmt"/>
    </file>
  </project>
</coverage>
