{"C:\\Users\\Jimmy\\Desktop\\projekttest\\script.js": {"path":"C:\\Users\\Jimmy\\Desktop\\projekttest\\script.js","statementMap":{"0":{"start":{"line":8,"column":0},"end":{"line":25,"column":2}},"1":{"start":{"line":10,"column":14},"end":{"line":10,"column":53}},"2":{"start":{"line":12,"column":2},"end":{"line":24,"column":2}},"3":{"start":{"line":13,"column":3},"end":{"line":13,"column":66}},"4":{"start":{"line":14,"column":3},"end":{"line":14,"column":16}},"5":{"start":{"line":17,"column":7},"end":{"line":24,"column":2}},"6":{"start":{"line":18,"column":3},"end":{"line":18,"column":35}},"7":{"start":{"line":19,"column":3},"end":{"line":19,"column":15}},"8":{"start":{"line":22,"column":3},"end":{"line":22,"column":57}},"9":{"start":{"line":23,"column":3},"end":{"line":23,"column":16}},"10":{"start":{"line":32,"column":0},"end":{"line":42,"column":2}},"11":{"start":{"line":33,"column":16},"end":{"line":33,"column":110}},"12":{"start":{"line":34,"column":1},"end":{"line":41,"column":2}},"13":{"start":{"line":34,"column":24},"end":{"line":34,"column":53}},"14":{"start":{"line":35,"column":2},"end":{"line":35,"column":57}},"15":{"start":{"line":36,"column":8},"end":{"line":36,"column":20}},"16":{"start":{"line":39,"column":2},"end":{"line":39,"column":62}},"17":{"start":{"line":40,"column":8},"end":{"line":40,"column":21}},"18":{"start":{"line":50,"column":0},"end":{"line":64,"column":1}},"19":{"start":{"line":51,"column":14},"end":{"line":51,"column":51}},"20":{"start":{"line":52,"column":1},"end":{"line":63,"column":2}},"21":{"start":{"line":53,"column":2},"end":{"line":53,"column":74}},"22":{"start":{"line":54,"column":8},"end":{"line":54,"column":21}},"23":{"start":{"line":56,"column":6},"end":{"line":63,"column":2}},"24":{"start":{"line":57,"column":2},"end":{"line":57,"column":77}},"25":{"start":{"line":58,"column":8},"end":{"line":58,"column":21}},"26":{"start":{"line":61,"column":2},"end":{"line":61,"column":37}},"27":{"start":{"line":62,"column":8},"end":{"line":62,"column":20}},"28":{"start":{"line":70,"column":0},"end":{"line":77,"column":3}},"29":{"start":{"line":71,"column":1},"end":{"line":77,"column":1}},"30":{"start":{"line":72,"column":2},"end":{"line":72,"column":59}},"31":{"start":{"line":73,"column":8},"end":{"line":73,"column":20}},"32":{"start":{"line":75,"column":2},"end":{"line":75,"column":73}},"33":{"start":{"line":76,"column":8},"end":{"line":76,"column":21}},"34":{"start":{"line":79,"column":0},"end":{"line":84,"column":1}}},"fnMap":{"0":{"name":"(anonymous_0)","decl":{"start":{"line":8,"column":25},"end":{"line":8,"column":26}},"loc":{"start":{"line":8,"column":52},"end":{"line":25,"column":1}},"line":8},"1":{"name":"(anonymous_1)","decl":{"start":{"line":32,"column":27},"end":{"line":32,"column":28}},"loc":{"start":{"line":32,"column":55},"end":{"line":42,"column":1}},"line":32},"2":{"name":"(anonymous_2)","decl":{"start":{"line":34,"column":19},"end":{"line":34,"column":20}},"loc":{"start":{"line":34,"column":24},"end":{"line":34,"column":53}},"line":34},"3":{"name":"(anonymous_3)","decl":{"start":{"line":50,"column":17},"end":{"line":50,"column":18}},"loc":{"start":{"line":50,"column":43},"end":{"line":64,"column":1}},"line":50},"4":{"name":"(anonymous_4)","decl":{"start":{"line":70,"column":22},"end":{"line":70,"column":23}},"loc":{"start":{"line":70,"column":43},"end":{"line":77,"column":2}},"line":70}},"branchMap":{"0":{"loc":{"start":{"line":12,"column":2},"end":{"line":24,"column":2}},"type":"if","locations":[{"start":{"line":12,"column":2},"end":{"line":24,"column":2}},{"start":{"line":17,"column":7},"end":{"line":24,"column":2}}],"line":12},"1":{"loc":{"start":{"line":17,"column":7},"end":{"line":24,"column":2}},"type":"if","locations":[{"start":{"line":17,"column":7},"end":{"line":24,"column":2}},{"start":{"line":21,"column":7},"end":{"line":24,"column":2}}],"line":17},"2":{"loc":{"start":{"line":34,"column":1},"end":{"line":41,"column":2}},"type":"if","locations":[{"start":{"line":34,"column":1},"end":{"line":41,"column":2}},{"start":{"line":38,"column":6},"end":{"line":41,"column":2}}],"line":34},"3":{"loc":{"start":{"line":52,"column":1},"end":{"line":63,"column":2}},"type":"if","locations":[{"start":{"line":52,"column":1},"end":{"line":63,"column":2}},{"start":{"line":56,"column":6},"end":{"line":63,"column":2}}],"line":52},"4":{"loc":{"start":{"line":56,"column":6},"end":{"line":63,"column":2}},"type":"if","locations":[{"start":{"line":56,"column":6},"end":{"line":63,"column":2}},{"start":{"line":60,"column":6},"end":{"line":63,"column":2}}],"line":56},"5":{"loc":{"start":{"line":71,"column":1},"end":{"line":77,"column":1}},"type":"if","locations":[{"start":{"line":71,"column":1},"end":{"line":77,"column":1}},{"start":{"line":74,"column":7},"end":{"line":77,"column":1}}],"line":71},"6":{"loc":{"start":{"line":71,"column":5},"end":{"line":71,"column":51}},"type":"binary-expr","locations":[{"start":{"line":71,"column":5},"end":{"line":71,"column":26}},{"start":{"line":71,"column":30},"end":{"line":71,"column":51}}],"line":71}},"s":{"0":1,"1":4,"2":4,"3":1,"4":1,"5":3,"6":1,"7":1,"8":2,"9":2,"10":1,"11":4,"12":4,"13":28,"14":1,"15":1,"16":3,"17":3,"18":1,"19":5,"20":5,"21":1,"22":1,"23":4,"24":1,"25":1,"26":3,"27":3,"28":1,"29":3,"30":1,"31":1,"32":2,"33":2,"34":1},"f":{"0":4,"1":4,"2":28,"3":5,"4":3},"b":{"0":[1,3],"1":[1,2],"2":[1,3],"3":[1,4],"4":[1,3],"5":[1,2],"6":[3,2]},"_coverageSchema":"1a1c01bbd47fc00a2c39e90264f33305004495a9","hash":"37da30a5d3d9ce44aa263e580676aac7a1ae127a"}
}
