TN:
SF:script.js
FN:8,(anonymous_0)
FN:32,(anonymous_1)
FN:34,(anonymous_2)
FN:50,(anonymous_3)
FN:70,(anonymous_4)
FNF:5
FNH:5
FNDA:4,(anonymous_0)
FNDA:4,(anonymous_1)
FNDA:28,(anonymous_2)
FNDA:5,(anonymous_3)
FNDA:3,(anonymous_4)
DA:8,1
DA:10,4
DA:12,4
DA:13,1
DA:14,1
DA:17,3
DA:18,1
DA:19,1
DA:22,2
DA:23,2
DA:32,1
DA:33,4
DA:34,28
DA:35,1
DA:36,1
DA:39,3
DA:40,3
DA:50,1
DA:51,5
DA:52,5
DA:53,1
DA:54,1
DA:56,4
DA:57,1
DA:58,1
DA:61,3
DA:62,3
DA:70,1
DA:71,3
DA:72,1
DA:73,1
DA:75,2
DA:76,2
DA:79,1
LF:34
LH:34
BRDA:12,0,0,1
BRDA:12,0,1,3
BRDA:17,1,0,1
BRDA:17,1,1,2
BRDA:34,2,0,1
BRDA:34,2,1,3
BRDA:52,3,0,1
BRDA:52,3,1,4
BRDA:56,4,0,1
BRDA:56,4,1,3
BRDA:71,5,0,1
BRDA:71,5,1,2
BRDA:71,6,0,3
BRDA:71,6,1,2
BRF:14
BRH:14
end_of_record
